2026-05-12 13:22:02,371 [INFO] 🌿 VD Monitor starting
2026-05-12 13:22:02,371 [INFO]    User       : Krankenschwester
2026-05-12 13:22:02,372 [INFO]    Server URL : https://vdmonitorherbsaremyworld.duckdns.org/activity
2026-05-12 13:22:02,372 [INFO]    Idle after : 10 minutes
2026-05-12 13:22:02,372 [INFO]    Log file   : E:\Herbs_are_my_world\DiscordBot\VDMonitor\dist\vdmonitor.log
2026-05-12 13:22:08,334 [INFO] ✅ Sent status 'started' to bot server.
2026-05-12 13:22:08,368 [INFO] ✅ Monitoring started.
2026-05-12 13:22:46,726 [INFO] ✅ Sent status 'stopped' to bot server.
2026-05-12 13:22:46,729 [INFO] 🛑 Monitoring stopped.
2026-05-12 13:22:48,832 [INFO] 🛑 VD Monitor exited.
2026-05-13 13:12:31,395 [INFO] 🌿 VD Monitor starting
2026-05-13 13:12:31,398 [INFO]    User       : hana
2026-05-13 13:12:31,398 [INFO]    Server URL : https://vdmonitorherbsaremyworld.duckdns.org/activity
2026-05-13 13:12:31,398 [INFO]    Idle after : 3 minutes
2026-05-13 13:12:31,398 [INFO]    Log file   : E:\Herbs_are_my_world\DiscordBot\VDMonitor\dist\vdmonitor.log
2026-05-13 13:12:39,465 [WARNING] ⚠️ Bot server returned 403: Forbidden
2026-05-13 13:12:39,486 [INFO] ✅ Monitoring started.
2026-05-13 13:14:39,472 [INFO] 💚 Heartbeat: user is active.
2026-05-13 13:14:40,906 [WARNING] ⚠️ Bot server returned 403: Forbidden
2026-05-13 13:16:40,913 [INFO] 💚 Heartbeat: user is active.
2026-05-13 13:16:41,933 [WARNING] ⚠️ Bot server returned 403: Forbidden
2026-05-13 13:18:41,938 [INFO] 💚 Heartbeat: user is active.
2026-05-13 13:18:42,895 [WARNING] ⚠️ Bot server returned 403: Forbidden
2026-05-13 13:19:42,902 [WARNING] 🔴 IDLE: 3.3 minutes of no input.
2026-05-13 13:19:43,908 [WARNING] ⚠️ Bot server returned 403: Forbidden
2026-05-13 13:24:50,463 [INFO] User is ACTIVE again.
2026-05-13 13:24:54,077 [WARNING] ⚠️ Bot server returned 403: Forbidden
2026-05-13 13:25:02,986 [INFO] 💚 Heartbeat: user is active.
2026-05-13 13:25:03,930 [WARNING] ⚠️ Bot server returned 403: Forbidden
2026-05-13 13:25:13,263 [WARNING] ⚠️ Bot server returned 403: Forbidden
2026-05-13 13:25:13,265 [INFO] 🛑 Monitoring stopped.
2026-05-13 13:25:17,433 [INFO] 🛑 VD Monitor exited.
2026-05-13 13:25:43,814 [INFO] 🌿 VD Monitor starting
2026-05-13 13:25:43,814 [INFO]    User       : hanah
2026-05-13 13:25:43,815 [INFO]    Server URL : http://localhost:8765/activity
2026-05-13 13:25:43,815 [INFO]    Idle after : 3 minutes
2026-05-13 13:25:43,815 [INFO]    Log file   : E:\Herbs_are_my_world\DiscordBot\VDMonitor\dist\vdmonitor.log
2026-05-13 13:25:49,600 [INFO] ✅ Sent status 'started' to bot server.
2026-05-13 13:25:49,611 [INFO] ✅ Monitoring started.
2026-05-13 13:27:49,602 [INFO] 💚 Heartbeat: user is active.
2026-05-13 13:27:51,642 [INFO] ✅ Sent status 'heartbeat' to bot server.
2026-05-13 13:29:21,644 [WARNING] 🔴 IDLE: 3.3 minutes of no input.
2026-05-13 13:29:23,689 [INFO] ✅ Sent status 'idle' to bot server.
2026-05-13 13:29:43,240 [INFO] User is ACTIVE again.
2026-05-13 13:29:45,276 [INFO] ✅ Sent status 'active' to bot server.
2026-05-13 13:29:53,311 [INFO] ✅ Sent status 'stopped' to bot server.
2026-05-13 13:29:53,312 [INFO] 🛑 Monitoring stopped.
2026-05-13 13:29:53,690 [INFO] 💚 Heartbeat: user is active.
2026-05-13 13:29:55,735 [INFO] ✅ Sent status 'heartbeat' to bot server.
2026-05-13 13:29:56,240 [INFO] 🛑 VD Monitor exited.
